<?xml version="1.0" encoding="UTF-8"?>
<!-- Generated by org.testng.reporters.JUnitReportReporter -->
<testsuite hostname="DESKTOP-60U4M33" failures="0" tests="1" name="com.inetbanking.testCases.TC_LoginTest_001" time="2.625" errors="0" timestamp="21 Dec 2023 15:15:43 GMT" skipped="0">
  <testcase classname="com.inetbanking.testCases.TC_LoginTest_001" name="loginTest" time="2.625"/>
</testsuite> <!-- com.inetbanking.testCases.TC_LoginTest_001 -->
